<?xml version="1.0" encoding="UTF-8"?>
<!-- Generated by org.testng.reporters.JUnitReportReporter -->
<testsuite hostname="AMIT" failures="0" tests="1" name="tests.LoginTest" time="7.544" errors="0" timestamp="2025-10-04T19:25:59 IST" skipped="0">
  <testcase classname="tests.LoginTest" name="testLoginValid" time="7.544"/>
</testsuite> <!-- tests.LoginTest -->
